<?xml version="1.0" encoding="UTF-8"?>
<!-- Generated by org.testng.reporters.JUnitReportReporter -->
<testsuite skipped="0" hostname="LAPTOP-VCF4M088" name="org.qsp.testngDemo.FacebookLoginTakeDataFromDataProvider" tests="2" failures="0" timestamp="2020-10-21T19:27:01 IST" time="42.276" errors="1">
  <testcase name="m1" time="6.429" classname="org.qsp.testngDemo.FacebookLoginTakeDataFromDataProvider">
    <error type="org.openqa.selenium.SessionNotCreatedException" message="session not created
from disconnected: received Inspector.detached event
  (Session info: chrome=86.0.4240.75)
Build info: version: &#039;3.141.59&#039;, revision: &#039;e82be7d358&#039;, time: &#039;2018-11-14T08:25:53&#039;
System info: host: &#039;LAPTOP-VCF4M088&#039;, ip: &#039;192.168.1.101&#039;, os.name: &#039;Windows 10&#039;, os.arch: &#039;amd64&#039;, os.version: &#039;10.0&#039;, java.version: &#039;1.8.0_261&#039;
Driver info: driver.version: ChromeDriver
remote stacktrace: Backtrace:
	Ordinal0 [0x00D4D383+3134339]
	Ordinal0 [0x00C3A171+2007409]
	Ordinal0 [0x00ADAEE8+569064]
	Ordinal0 [0x00ACFCDD+523485]
	Ordinal0 [0x00ACF9E9+522729]
	Ordinal0 [0x00ACF0FA+520442]
	Ordinal0 [0x00ACE542+517442]
	Ordinal0 [0x00ACE935+518453]
	Ordinal0 [0x00ACE265+516709]
	Ordinal0 [0x00AD7551+554321]
	Ordinal0 [0x00ACE214+516628]
	Ordinal0 [0x00ACEF25+519973]
	Ordinal0 [0x00ACE542+517442]
	Ordinal0 [0x00ACE935+518453]
	Ordinal0 [0x00ACE265+516709]
	Ordinal0 [0x00AD58DE+547038]
	Ordinal0 [0x00ACE214+516628]
	Ordinal0 [0x00ACEF25+519973]
	Ordinal0 [0x00ACE542+517442]
	Ordinal0 [0x00ACE935+518453]
	Ordinal0 [0x00ACE265+516709]
	Ordinal0 [0x00AD3BF6+539638]
	Ordinal0 [0x00ACE214+516628]
	Ordinal0 [0x00ACEF25+519973]
	Ordinal0 [0x00ACE542+517442]
	Ordinal0 [0x00ACE935+518453]
	Ordinal0 [0x00ACE265+516709]
	Ordinal0 [0x00AD2F37+536375]
	Ordinal0 [0x00ACE214+516628]
	Ordinal0 [0x00ACEF25+519973]
	Ordinal0 [0x00ACE542+517442]
	Ordinal0 [0x00ACE935+518453]
	Ordinal0 [0x00ACE265+516709]
	Ordinal0 [0x00ACAB7C+502652]
	Ordinal0 [0x00ACE214+516628]
	Ordinal0 [0x00ACDF81+515969]
	Ordinal0 [0x00ADBF70+573296]
	Ordinal0 [0x00A81916+203030]
	Ordinal0 [0x00A80C1D+199709]
	Ordinal0 [0x00A7EB0B+191243]
	Ordinal0 [0x00A62E77+77431]
	Ordinal0 [0x00A63E3E+81470]
	Ordinal0 [0x00A63DC9+81353]
	Ordinal0 [0x00C50CD9+2100441]
	GetHandleVerifier [0x00EBB75A+1396954]
	GetHandleVerifier [0x00EBB3D9+1396057]
	GetHandleVerifier [0x00EC7126+1444518]
	GetHandleVerifier [0x00EBBCE8+1398376]
	Ordinal0 [0x00C47F51+2064209]
	Ordinal0 [0x00C522EB+2106091]
	Ordinal0 [0x00C52411+2106385]
	Ordinal0 [0x00C649C4+2181572]
	BaseThreadInitThunk [0x76C16359+25]
	RtlGetAppContainerNamedObjectPath [0x775F7C24+228]
	RtlGetAppContainerNamedObjectPath [0x775F7BF4+180]
">
      <![CDATA[org.openqa.selenium.SessionNotCreatedException: session not created
from disconnected: received Inspector.detached event
  (Session info: chrome=86.0.4240.75)
Build info: version: '3.141.59', revision: 'e82be7d358', time: '2018-11-14T08:25:53'
System info: host: 'LAPTOP-VCF4M088', ip: '192.168.1.101', os.name: 'Windows 10', os.arch: 'amd64', os.version: '10.0', java.version: '1.8.0_261'
Driver info: driver.version: ChromeDriver
remote stacktrace: Backtrace:
Ordinal0 [0x00D4D383+3134339]
Ordinal0 [0x00C3A171+2007409]
Ordinal0 [0x00ADAEE8+569064]
Ordinal0 [0x00ACFCDD+523485]
Ordinal0 [0x00ACF9E9+522729]
Ordinal0 [0x00ACF0FA+520442]
Ordinal0 [0x00ACE542+517442]
Ordinal0 [0x00ACE935+518453]
Ordinal0 [0x00ACE265+516709]
Ordinal0 [0x00AD7551+554321]
Ordinal0 [0x00ACE214+516628]
Ordinal0 [0x00ACEF25+519973]
Ordinal0 [0x00ACE542+517442]
Ordinal0 [0x00ACE935+518453]
Ordinal0 [0x00ACE265+516709]
Ordinal0 [0x00AD58DE+547038]
Ordinal0 [0x00ACE214+516628]
Ordinal0 [0x00ACEF25+519973]
Ordinal0 [0x00ACE542+517442]
Ordinal0 [0x00ACE935+518453]
Ordinal0 [0x00ACE265+516709]
Ordinal0 [0x00AD3BF6+539638]
Ordinal0 [0x00ACE214+516628]
Ordinal0 [0x00ACEF25+519973]
Ordinal0 [0x00ACE542+517442]
Ordinal0 [0x00ACE935+518453]
Ordinal0 [0x00ACE265+516709]
Ordinal0 [0x00AD2F37+536375]
Ordinal0 [0x00ACE214+516628]
Ordinal0 [0x00ACEF25+519973]
Ordinal0 [0x00ACE542+517442]
Ordinal0 [0x00ACE935+518453]
Ordinal0 [0x00ACE265+516709]
Ordinal0 [0x00ACAB7C+502652]
Ordinal0 [0x00ACE214+516628]
Ordinal0 [0x00ACDF81+515969]
Ordinal0 [0x00ADBF70+573296]
Ordinal0 [0x00A81916+203030]
Ordinal0 [0x00A80C1D+199709]
Ordinal0 [0x00A7EB0B+191243]
Ordinal0 [0x00A62E77+77431]
Ordinal0 [0x00A63E3E+81470]
Ordinal0 [0x00A63DC9+81353]
Ordinal0 [0x00C50CD9+2100441]
GetHandleVerifier [0x00EBB75A+1396954]
GetHandleVerifier [0x00EBB3D9+1396057]
GetHandleVerifier [0x00EC7126+1444518]
GetHandleVerifier [0x00EBBCE8+1398376]
Ordinal0 [0x00C47F51+2064209]
Ordinal0 [0x00C522EB+2106091]
Ordinal0 [0x00C52411+2106385]
Ordinal0 [0x00C649C4+2181572]
BaseThreadInitThunk [0x76C16359+25]
RtlGetAppContainerNamedObjectPath [0x775F7C24+228]
RtlGetAppContainerNamedObjectPath [0x775F7BF4+180]

at sun.reflect.NativeConstructorAccessorImpl.newInstance0(Native Method)
at sun.reflect.NativeConstructorAccessorImpl.newInstance(Unknown Source)
at sun.reflect.DelegatingConstructorAccessorImpl.newInstance(Unknown Source)
at java.lang.reflect.Constructor.newInstance(Unknown Source)
at org.openqa.selenium.remote.W3CHandshakeResponse.lambda$errorHandler$0(W3CHandshakeResponse.java:62)
at org.openqa.selenium.remote.HandshakeResponse.lambda$getResponseFunction$0(HandshakeResponse.java:30)
at org.openqa.selenium.remote.ProtocolHandshake.lambda$createSession$0(ProtocolHandshake.java:126)
at java.util.stream.ReferencePipeline$3$1.accept(Unknown Source)
at java.util.Spliterators$ArraySpliterator.tryAdvance(Unknown Source)
at java.util.stream.ReferencePipeline.forEachWithCancel(Unknown Source)
at java.util.stream.AbstractPipeline.copyIntoWithCancel(Unknown Source)
at java.util.stream.AbstractPipeline.copyInto(Unknown Source)
at java.util.stream.AbstractPipeline.wrapAndCopyInto(Unknown Source)
at java.util.stream.FindOps$FindOp.evaluateSequential(Unknown Source)
at java.util.stream.AbstractPipeline.evaluate(Unknown Source)
at java.util.stream.ReferencePipeline.findFirst(Unknown Source)
at org.openqa.selenium.remote.ProtocolHandshake.createSession(ProtocolHandshake.java:128)
at org.openqa.selenium.remote.ProtocolHandshake.createSession(ProtocolHandshake.java:74)
at org.openqa.selenium.remote.HttpCommandExecutor.execute(HttpCommandExecutor.java:136)
at org.openqa.selenium.remote.service.DriverCommandExecutor.execute(DriverCommandExecutor.java:83)
at org.openqa.selenium.remote.RemoteWebDriver.execute(RemoteWebDriver.java:552)
at org.openqa.selenium.remote.RemoteWebDriver.startSession(RemoteWebDriver.java:213)
at org.openqa.selenium.remote.RemoteWebDriver.<init>(RemoteWebDriver.java:131)
at org.openqa.selenium.chrome.ChromeDriver.<init>(ChromeDriver.java:181)
at org.openqa.selenium.chrome.ChromeDriver.<init>(ChromeDriver.java:168)
at org.openqa.selenium.chrome.ChromeDriver.<init>(ChromeDriver.java:123)
at org.qsp.testngDemo.FacebookLoginTakeDataFromDataProvider.m1(FacebookLoginTakeDataFromDataProvider.java:13)
at sun.reflect.NativeMethodAccessorImpl.invoke0(Native Method)
at sun.reflect.NativeMethodAccessorImpl.invoke(Unknown Source)
at sun.reflect.DelegatingMethodAccessorImpl.invoke(Unknown Source)
at java.lang.reflect.Method.invoke(Unknown Source)
at org.testng.internal.MethodInvocationHelper.invokeMethod(MethodInvocationHelper.java:132)
at org.testng.internal.TestInvoker.invokeMethod(TestInvoker.java:599)
at org.testng.internal.TestInvoker.invokeTestMethod(TestInvoker.java:174)
at org.testng.internal.MethodRunner.runInSequence(MethodRunner.java:46)
at org.testng.internal.TestInvoker$MethodInvocationAgent.invoke(TestInvoker.java:822)
at org.testng.internal.TestInvoker.invokeTestMethods(TestInvoker.java:147)
at org.testng.internal.TestMethodWorker.invokeTestMethods(TestMethodWorker.java:146)
at org.testng.internal.TestMethodWorker.run(TestMethodWorker.java:128)
at java.util.ArrayList.forEach(Unknown Source)
at org.testng.TestRunner.privateRun(TestRunner.java:764)
at org.testng.TestRunner.run(TestRunner.java:585)
at org.testng.SuiteRunner.runTest(SuiteRunner.java:384)
at org.testng.SuiteRunner.runSequentially(SuiteRunner.java:378)
at org.testng.SuiteRunner.privateRun(SuiteRunner.java:337)
at org.testng.SuiteRunner.run(SuiteRunner.java:286)
at org.testng.SuiteRunnerWorker.runSuite(SuiteRunnerWorker.java:53)
at org.testng.SuiteRunnerWorker.run(SuiteRunnerWorker.java:96)
at org.testng.TestNG.runSuitesSequentially(TestNG.java:1218)
at org.testng.TestNG.runSuitesLocally(TestNG.java:1140)
at org.testng.TestNG.runSuites(TestNG.java:1069)
at org.testng.TestNG.run(TestNG.java:1037)
at org.testng.remote.AbstractRemoteTestNG.run(AbstractRemoteTestNG.java:115)
at org.testng.remote.RemoteTestNG.initAndRun(RemoteTestNG.java:251)
at org.testng.remote.RemoteTestNG.main(RemoteTestNG.java:77)
]]>
    </error>
  </testcase> <!-- m1 -->
  <system-out/>
  <testcase name="m1" time="35.847" classname="org.qsp.testngDemo.FacebookLoginTakeDataFromDataProvider"/>
  <system-out/>
</testsuite> <!-- org.qsp.testngDemo.FacebookLoginTakeDataFromDataProvider -->
